<?xml version="1.0" encoding="UTF-8" ?>
<testsuite tests="8" failures="0" name="pl.kurs.range.RangeTest" time="0.005" errors="0" skipped="0">
  <properties>
[...]
</properties>
  <testcase classname="pl.kurs.range.RangeTest" name="shouldReturnIncorrectRangeOnGetRangeFrom" time="0.001"/>
  <testcase classname="pl.kurs.range.RangeTest" name="shouldEqualsTwoDoubles" time="0.001"/>
  <testcase classname="pl.kurs.range.RangeTest" name="shouldReturnTrueWhenNumberIsInTheRange" time="0"/>
  <testcase classname="pl.kurs.range.RangeTest" name="shouldObjectNotBeNull" time="0.001"/>
  <testcase classname="pl.kurs.range.RangeTest" name="shouldObjectBeNull" time="0"/>
  <testcase classname="pl.kurs.range.RangeTest" name="shouldReturnCorrectRangeOnGetRangeFrom" time="0.001"/>
  <testcase classname="pl.kurs.range.RangeTest" name="shouldReturnIllegalArgumnetExceptionWhenRangeIsNotCorrect" time="0"/>
  <testcase classname="pl.kurs.range.RangeTest" name="shouldReturnFalseWhenNumberIsOutOfRange" time="0.001"/>
</testsuite>